0 info it worked if it ends with ok
1 verbose cli [ 'C:\\Users\\nate\\AppData\\Local\\.meteor\\packages\\meteor-tool\\1.4.1_1\\mt-os.windows.x86_32\\dev_bundle\\bin\\node.exe',
1 verbose cli   'C:\\Users\\nate\\AppData\\Local\\.meteor\\packages\\meteor-tool\\1.4.1_1\\mt-os.windows.x86_32\\dev_bundle\\lib\\node_modules\\npm\\bin\\npm-cli.js',
1 verbose cli   'install',
1 verbose cli   '--save',
1 verbose cli   'bcrypt' ]
2 info using npm@3.10.6
3 info using node@v4.5.0
4 silly loadCurrentTree Starting
5 silly install loadCurrentTree
6 silly install readLocalPackageData
7 silly fetchPackageMetaData bcrypt@^0.8.7
8 silly fetchNamedPackageData bcrypt
9 silly mapToRegistry name bcrypt
10 silly mapToRegistry using default registry
11 silly mapToRegistry registry https://registry.npmjs.org/
12 silly mapToRegistry data Result {
12 silly mapToRegistry   raw: 'bcrypt',
12 silly mapToRegistry   scope: null,
12 silly mapToRegistry   escapedName: 'bcrypt',
12 silly mapToRegistry   name: 'bcrypt',
12 silly mapToRegistry   rawSpec: '',
12 silly mapToRegistry   spec: 'latest',
12 silly mapToRegistry   type: 'tag' }
13 silly mapToRegistry uri https://registry.npmjs.org/bcrypt
14 verbose request uri https://registry.npmjs.org/bcrypt
15 verbose request no auth needed
16 info attempt registry request try #1 at 12:59:07 AM
17 verbose request id d1d32a5e60a948ab
18 verbose etag "5ZW9IMKTF5UAX11LHH27VI582"
19 http request GET https://registry.npmjs.org/bcrypt
20 http 200 https://registry.npmjs.org/bcrypt
21 verbose headers { server: 'CouchDB/1.5.0 (Erlang OTP/R16B03)',
21 verbose headers   etag: '"C732ZMNYAG6GBU1DOLULG793M"',
21 verbose headers   'content-type': 'application/json',
21 verbose headers   'content-encoding': 'gzip',
21 verbose headers   'cache-control': 'max-age=300',
21 verbose headers   'content-length': '11923',
21 verbose headers   'accept-ranges': 'bytes',
21 verbose headers   date: 'Tue, 18 Oct 2016 10:59:09 GMT',
21 verbose headers   via: '1.1 varnish',
21 verbose headers   age: '0',
21 verbose headers   connection: 'keep-alive',
21 verbose headers   'x-served-by': 'cache-lax8644-LAX',
21 verbose headers   'x-cache': 'HIT',
21 verbose headers   'x-cache-hits': '1',
21 verbose headers   'x-timer': 'S1476788348.905574,VS0,VE178',
21 verbose headers   vary: 'Accept-Encoding' }
22 silly get cb [ 200,
22 silly get   { server: 'CouchDB/1.5.0 (Erlang OTP/R16B03)',
22 silly get     etag: '"C732ZMNYAG6GBU1DOLULG793M"',
22 silly get     'content-type': 'application/json',
22 silly get     'content-encoding': 'gzip',
22 silly get     'cache-control': 'max-age=300',
22 silly get     'content-length': '11923',
22 silly get     'accept-ranges': 'bytes',
22 silly get     date: 'Tue, 18 Oct 2016 10:59:09 GMT',
22 silly get     via: '1.1 varnish',
22 silly get     age: '0',
22 silly get     connection: 'keep-alive',
22 silly get     'x-served-by': 'cache-lax8644-LAX',
22 silly get     'x-cache': 'HIT',
22 silly get     'x-cache-hits': '1',
22 silly get     'x-timer': 'S1476788348.905574,VS0,VE178',
22 silly get     vary: 'Accept-Encoding' } ]
23 verbose get saving bcrypt to C:\Users\nate\AppData\Roaming\npm-cache\registry.npmjs.org\bcrypt\.cache.json
24 verbose correctMkdir C:\Users\nate\AppData\Roaming\npm-cache correctMkdir not in flight; initializing
25 silly install normalizeTree
26 silly loadCurrentTree Finishing
27 silly loadIdealTree Starting
28 silly install loadIdealTree
29 silly cloneCurrentTree Starting
30 silly install cloneCurrentTreeToIdealTree
31 silly cloneCurrentTree Finishing
32 silly loadShrinkwrap Starting
33 silly install loadShrinkwrap
34 silly loadShrinkwrap Finishing
35 silly loadAllDepsIntoIdealTree Starting
36 silly install loadAllDepsIntoIdealTree
37 silly resolveWithNewModule bcrypt@0.8.7 checking installable status
38 silly cache add args [ 'bcrypt@^0.8.7', null ]
39 verbose cache add spec bcrypt@^0.8.7
40 silly cache add parsed spec Result {
40 silly cache add   raw: 'bcrypt@^0.8.7',
40 silly cache add   scope: null,
40 silly cache add   escapedName: 'bcrypt',
40 silly cache add   name: 'bcrypt',
40 silly cache add   rawSpec: '^0.8.7',
40 silly cache add   spec: '>=0.8.7 <0.9.0',
40 silly cache add   type: 'range' }
41 silly addNamed bcrypt@>=0.8.7 <0.9.0
42 verbose addNamed ">=0.8.7 <0.9.0" is a valid semver range for bcrypt
43 silly addNameRange { name: 'bcrypt', range: '>=0.8.7 <0.9.0', hasData: false }
44 silly mapToRegistry name bcrypt
45 silly mapToRegistry using default registry
46 silly mapToRegistry registry https://registry.npmjs.org/
47 silly mapToRegistry data Result {
47 silly mapToRegistry   raw: 'bcrypt',
47 silly mapToRegistry   scope: null,
47 silly mapToRegistry   escapedName: 'bcrypt',
47 silly mapToRegistry   name: 'bcrypt',
47 silly mapToRegistry   rawSpec: '',
47 silly mapToRegistry   spec: 'latest',
47 silly mapToRegistry   type: 'tag' }
48 silly mapToRegistry uri https://registry.npmjs.org/bcrypt
49 verbose addNameRange registry:https://registry.npmjs.org/bcrypt not in flight; fetching
50 verbose get https://registry.npmjs.org/bcrypt not expired, no request
51 silly addNameRange number 2 { name: 'bcrypt', range: '>=0.8.7 <0.9.0', hasData: true }
52 silly addNameRange versions [ 'bcrypt',
52 silly addNameRange   [ '0.1.2',
52 silly addNameRange     '0.2.0',
52 silly addNameRange     '0.2.1',
52 silly addNameRange     '0.1.3',
52 silly addNameRange     '0.2.2',
52 silly addNameRange     '0.2.3',
52 silly addNameRange     '0.2.4',
52 silly addNameRange     '0.3.0',
52 silly addNameRange     '0.3.1',
52 silly addNameRange     '0.3.2',
52 silly addNameRange     '0.4.0',
52 silly addNameRange     '0.4.1',
52 silly addNameRange     '0.5.0',
52 silly addNameRange     '0.6.0',
52 silly addNameRange     '0.7.0',
52 silly addNameRange     '0.7.1',
52 silly addNameRange     '0.7.2',
52 silly addNameRange     '0.7.3',
52 silly addNameRange     '0.7.4',
52 silly addNameRange     '0.7.5',
52 silly addNameRange     '0.7.6',
52 silly addNameRange     '0.7.7',
52 silly addNameRange     '0.7.8',
52 silly addNameRange     '0.8.0',
52 silly addNameRange     '0.8.1',
52 silly addNameRange     '0.8.2',
52 silly addNameRange     '0.8.3',
52 silly addNameRange     '0.8.4',
52 silly addNameRange     '0.8.5',
52 silly addNameRange     '0.8.6',
52 silly addNameRange     '0.8.7' ] ]
53 silly addNamed bcrypt@0.8.7
54 verbose addNamed "0.8.7" is a plain semver version for bcrypt
55 silly cache afterAdd bcrypt@0.8.7
56 verbose afterAdd C:\Users\nate\AppData\Roaming\npm-cache\bcrypt\0.8.7\package\package.json not in flight; writing
57 verbose correctMkdir C:\Users\nate\AppData\Roaming\npm-cache correctMkdir not in flight; initializing
58 verbose afterAdd C:\Users\nate\AppData\Roaming\npm-cache\bcrypt\0.8.7\package\package.json written
59 silly fetchNamedPackageData bindings
60 silly mapToRegistry name bindings
61 silly mapToRegistry using default registry
62 silly mapToRegistry registry https://registry.npmjs.org/
63 silly mapToRegistry data Result {
63 silly mapToRegistry   raw: 'bindings',
63 silly mapToRegistry   scope: null,
63 silly mapToRegistry   escapedName: 'bindings',
63 silly mapToRegistry   name: 'bindings',
63 silly mapToRegistry   rawSpec: '',
63 silly mapToRegistry   spec: 'latest',
63 silly mapToRegistry   type: 'tag' }
64 silly mapToRegistry uri https://registry.npmjs.org/bindings
65 silly fetchNamedPackageData nan
66 silly mapToRegistry name nan
67 silly mapToRegistry using default registry
68 silly mapToRegistry registry https://registry.npmjs.org/
69 silly mapToRegistry data Result {
69 silly mapToRegistry   raw: 'nan',
69 silly mapToRegistry   scope: null,
69 silly mapToRegistry   escapedName: 'nan',
69 silly mapToRegistry   name: 'nan',
69 silly mapToRegistry   rawSpec: '',
69 silly mapToRegistry   spec: 'latest',
69 silly mapToRegistry   type: 'tag' }
70 silly mapToRegistry uri https://registry.npmjs.org/nan
71 verbose request uri https://registry.npmjs.org/bindings
72 verbose request no auth needed
73 info attempt registry request try #1 at 12:59:08 AM
74 verbose etag "C1AW6UVQGY4VZQGFC1WTIGMDV"
75 http request GET https://registry.npmjs.org/bindings
76 verbose request uri https://registry.npmjs.org/nan
77 verbose request no auth needed
78 info attempt registry request try #1 at 12:59:08 AM
79 verbose etag "1YJEPM5V4XH0MZT0HV3B8R9BB"
80 http request GET https://registry.npmjs.org/nan
81 http 304 https://registry.npmjs.org/bindings
82 verbose headers { date: 'Tue, 18 Oct 2016 10:59:09 GMT',
82 verbose headers   via: '1.1 varnish',
82 verbose headers   'cache-control': 'max-age=300',
82 verbose headers   etag: '"C1AW6UVQGY4VZQGFC1WTIGMDV"',
82 verbose headers   age: '63',
82 verbose headers   connection: 'keep-alive',
82 verbose headers   'x-served-by': 'cache-lax8644-LAX',
82 verbose headers   'x-cache': 'HIT',
82 verbose headers   'x-cache-hits': '1',
82 verbose headers   'x-timer': 'S1476788349.399160,VS0,VE0',
82 verbose headers   vary: 'Accept-Encoding' }
83 silly get cb [ 304,
83 silly get   { date: 'Tue, 18 Oct 2016 10:59:09 GMT',
83 silly get     via: '1.1 varnish',
83 silly get     'cache-control': 'max-age=300',
83 silly get     etag: '"C1AW6UVQGY4VZQGFC1WTIGMDV"',
83 silly get     age: '63',
83 silly get     connection: 'keep-alive',
83 silly get     'x-served-by': 'cache-lax8644-LAX',
83 silly get     'x-cache': 'HIT',
83 silly get     'x-cache-hits': '1',
83 silly get     'x-timer': 'S1476788349.399160,VS0,VE0',
83 silly get     vary: 'Accept-Encoding' } ]
84 verbose etag https://registry.npmjs.org/bindings from cache
85 verbose get saving bindings to C:\Users\nate\AppData\Roaming\npm-cache\registry.npmjs.org\bindings\.cache.json
86 verbose correctMkdir C:\Users\nate\AppData\Roaming\npm-cache correctMkdir not in flight; initializing
87 silly resolveWithNewModule bindings@1.2.1 checking installable status
88 silly cache add args [ 'bindings@1.2.1', null ]
89 verbose cache add spec bindings@1.2.1
90 silly cache add parsed spec Result {
90 silly cache add   raw: 'bindings@1.2.1',
90 silly cache add   scope: null,
90 silly cache add   escapedName: 'bindings',
90 silly cache add   name: 'bindings',
90 silly cache add   rawSpec: '1.2.1',
90 silly cache add   spec: '1.2.1',
90 silly cache add   type: 'version' }
91 silly addNamed bindings@1.2.1
92 verbose addNamed "1.2.1" is a plain semver version for bindings
93 silly mapToRegistry name bindings
94 silly mapToRegistry using default registry
95 silly mapToRegistry registry https://registry.npmjs.org/
96 silly mapToRegistry data Result {
96 silly mapToRegistry   raw: 'bindings',
96 silly mapToRegistry   scope: null,
96 silly mapToRegistry   escapedName: 'bindings',
96 silly mapToRegistry   name: 'bindings',
96 silly mapToRegistry   rawSpec: '',
96 silly mapToRegistry   spec: 'latest',
96 silly mapToRegistry   type: 'tag' }
97 silly mapToRegistry uri https://registry.npmjs.org/bindings
98 verbose addNameVersion registry:https://registry.npmjs.org/bindings not in flight; fetching
99 verbose get https://registry.npmjs.org/bindings not expired, no request
100 silly cache afterAdd bindings@1.2.1
101 verbose afterAdd C:\Users\nate\AppData\Roaming\npm-cache\bindings\1.2.1\package\package.json not in flight; writing
102 verbose correctMkdir C:\Users\nate\AppData\Roaming\npm-cache correctMkdir not in flight; initializing
103 verbose afterAdd C:\Users\nate\AppData\Roaming\npm-cache\bindings\1.2.1\package\package.json written
104 http 304 https://registry.npmjs.org/nan
105 verbose headers { date: 'Tue, 18 Oct 2016 10:59:09 GMT',
105 verbose headers   via: '1.1 varnish',
105 verbose headers   'cache-control': 'max-age=300',
105 verbose headers   etag: '"1YJEPM5V4XH0MZT0HV3B8R9BB"',
105 verbose headers   age: '256',
105 verbose headers   connection: 'keep-alive',
105 verbose headers   'x-served-by': 'cache-lax8640-LAX',
105 verbose headers   'x-cache': 'HIT',
105 verbose headers   'x-cache-hits': '1',
105 verbose headers   'x-timer': 'S1476788349.859645,VS0,VE0',
105 verbose headers   vary: 'Accept-Encoding' }
106 silly get cb [ 304,
106 silly get   { date: 'Tue, 18 Oct 2016 10:59:09 GMT',
106 silly get     via: '1.1 varnish',
106 silly get     'cache-control': 'max-age=300',
106 silly get     etag: '"1YJEPM5V4XH0MZT0HV3B8R9BB"',
106 silly get     age: '256',
106 silly get     connection: 'keep-alive',
106 silly get     'x-served-by': 'cache-lax8640-LAX',
106 silly get     'x-cache': 'HIT',
106 silly get     'x-cache-hits': '1',
106 silly get     'x-timer': 'S1476788349.859645,VS0,VE0',
106 silly get     vary: 'Accept-Encoding' } ]
107 verbose etag https://registry.npmjs.org/nan from cache
108 verbose get saving nan to C:\Users\nate\AppData\Roaming\npm-cache\registry.npmjs.org\nan\.cache.json
109 verbose correctMkdir C:\Users\nate\AppData\Roaming\npm-cache correctMkdir not in flight; initializing
110 silly resolveWithNewModule nan@2.3.5 checking installable status
111 silly cache add args [ 'nan@2.3.5', null ]
112 verbose cache add spec nan@2.3.5
113 silly cache add parsed spec Result {
113 silly cache add   raw: 'nan@2.3.5',
113 silly cache add   scope: null,
113 silly cache add   escapedName: 'nan',
113 silly cache add   name: 'nan',
113 silly cache add   rawSpec: '2.3.5',
113 silly cache add   spec: '2.3.5',
113 silly cache add   type: 'version' }
114 silly addNamed nan@2.3.5
115 verbose addNamed "2.3.5" is a plain semver version for nan
116 silly mapToRegistry name nan
117 silly mapToRegistry using default registry
118 silly mapToRegistry registry https://registry.npmjs.org/
119 silly mapToRegistry data Result {
119 silly mapToRegistry   raw: 'nan',
119 silly mapToRegistry   scope: null,
119 silly mapToRegistry   escapedName: 'nan',
119 silly mapToRegistry   name: 'nan',
119 silly mapToRegistry   rawSpec: '',
119 silly mapToRegistry   spec: 'latest',
119 silly mapToRegistry   type: 'tag' }
120 silly mapToRegistry uri https://registry.npmjs.org/nan
121 verbose addNameVersion registry:https://registry.npmjs.org/nan not in flight; fetching
122 verbose get https://registry.npmjs.org/nan not expired, no request
123 silly cache afterAdd nan@2.3.5
124 verbose afterAdd C:\Users\nate\AppData\Roaming\npm-cache\nan\2.3.5\package\package.json not in flight; writing
125 verbose correctMkdir C:\Users\nate\AppData\Roaming\npm-cache correctMkdir not in flight; initializing
126 verbose afterAdd C:\Users\nate\AppData\Roaming\npm-cache\nan\2.3.5\package\package.json written
127 silly loadAllDepsIntoIdealTree Finishing
128 silly loadIdealTree Finishing
129 silly currentTree digits@
129 silly currentTree +-- acorn-jsx@3.0.1
129 silly currentTree | `-- acorn@3.3.0
129 silly currentTree +-- acorn@4.0.3
129 silly currentTree +-- ajv-keywords@1.1.1
129 silly currentTree +-- ajv@4.7.7
129 silly currentTree +-- amdefine@1.0.0
129 silly currentTree +-- ansi-escapes@1.4.0
129 silly currentTree +-- ansi-regex@2.0.0
129 silly currentTree +-- ansi-styles@2.2.1
129 silly currentTree +-- argparse@1.0.9
129 silly currentTree +-- array-union@1.0.2
129 silly currentTree +-- array-uniq@1.0.3
129 silly currentTree +-- arrify@1.0.1
129 silly currentTree +-- assertion-error@1.0.2
129 silly currentTree +-- autoprefixer@6.5.1
129 silly currentTree +-- babel-code-frame@6.16.0
129 silly currentTree +-- babel-core@6.17.0
129 silly currentTree | +-- babel-register@6.16.3
129 silly currentTree | +-- babel-runtime@6.11.6
129 silly currentTree | +-- path-exists@1.0.0
129 silly currentTree | `-- source-map-support@0.4.3
129 silly currentTree +-- babel-generator@6.17.0
129 silly currentTree | `-- babel-runtime@6.11.6
129 silly currentTree +-- babel-helpers@6.16.0
129 silly currentTree +-- babel-messages@6.8.0
129 silly currentTree +-- babel-polyfill@6.9.0
129 silly currentTree | `-- babel-runtime@6.11.6
129 silly currentTree +-- babel-regenerator-runtime@6.5.0
129 silly currentTree +-- babel-register@6.8.0
129 silly currentTree | +-- lodash@3.10.1
129 silly currentTree | `-- path-exists@1.0.0
129 silly currentTree +-- babel-runtime@6.6.1
129 silly currentTree +-- babel-template@6.16.0
129 silly currentTree | `-- babel-runtime@6.11.6
129 silly currentTree +-- babel-traverse@6.16.0
129 silly currentTree | +-- babel-runtime@6.11.6
129 silly currentTree | `-- globals@8.18.0
129 silly currentTree +-- babel-types@6.16.0
129 silly currentTree | `-- babel-runtime@6.11.6
129 silly currentTree +-- babylon@6.12.0
129 silly currentTree +-- balanced-match@0.4.2
129 silly currentTree +-- brace-expansion@1.1.6
129 silly currentTree +-- browserslist@1.4.0
129 silly currentTree +-- caller-path@0.1.0
129 silly currentTree +-- callsites@0.2.0
129 silly currentTree +-- caniuse-db@1.0.30000557
129 silly currentTree +-- chai@3.5.0
129 silly currentTree +-- chalk@1.1.3
129 silly currentTree | `-- supports-color@2.0.0
129 silly currentTree +-- circular-json@0.3.1
129 silly currentTree +-- cli-cursor@1.0.2
129 silly currentTree +-- cli-width@2.1.0
129 silly currentTree +-- co@4.6.0
129 silly currentTree +-- code-point-at@1.0.1
129 silly currentTree +-- concat-map@0.0.1
129 silly currentTree +-- concat-stream@1.5.2
129 silly currentTree +-- convert-source-map@1.3.0
129 silly currentTree +-- core-js@2.4.1
129 silly currentTree +-- core-util-is@1.0.2
129 silly currentTree +-- d@0.1.1
129 silly currentTree +-- debug@2.2.0
129 silly currentTree +-- deep-eql@0.1.3
129 silly currentTree | `-- type-detect@0.1.1
129 silly currentTree +-- deep-is@0.1.3
129 silly currentTree +-- del@2.2.2
129 silly currentTree +-- detect-indent@3.0.1
129 silly currentTree | `-- minimist@1.2.0
129 silly currentTree +-- docdash@0.3.0
129 silly currentTree +-- doctrine@1.5.0
129 silly currentTree +-- es5-ext@0.10.12
129 silly currentTree +-- es6-enum@1.1.0
129 silly currentTree +-- es6-iterator@2.0.0
129 silly currentTree +-- es6-map@0.1.4
129 silly currentTree +-- es6-set@0.1.4
129 silly currentTree +-- es6-symbol@3.1.0
129 silly currentTree +-- es6-weak-map@2.0.1
129 silly currentTree +-- escape-string-regexp@1.0.5
129 silly currentTree +-- escope@3.6.0
129 silly currentTree +-- eslint-config-airbnb@7.0.0
129 silly currentTree +-- eslint-plugin-jsx-a11y@0.6.2
129 silly currentTree +-- eslint-plugin-meteor@3.6.0
129 silly currentTree +-- eslint-plugin-react@4.3.0
129 silly currentTree +-- eslint@2.13.1
129 silly currentTree +-- espree@3.3.2
129 silly currentTree +-- esprima@2.7.3
129 silly currentTree +-- esrecurse@4.1.0
129 silly currentTree | `-- estraverse@4.1.1
129 silly currentTree +-- estraverse@4.2.0
129 silly currentTree +-- esutils@2.0.2
129 silly currentTree +-- event-emitter@0.3.4
129 silly currentTree +-- exit-hook@1.1.1
129 silly currentTree +-- fast-levenshtein@2.0.5
129 silly currentTree +-- figures@1.7.0
129 silly currentTree +-- file-entry-cache@1.3.1
129 silly currentTree +-- flat-cache@1.2.1
129 silly currentTree +-- fs.realpath@1.0.0
129 silly currentTree +-- generate-function@2.0.0
129 silly currentTree +-- generate-object-property@1.2.0
129 silly currentTree +-- get-stdin@4.0.1
129 silly currentTree +-- glob@7.1.1
129 silly currentTree +-- globals@9.12.0
129 silly currentTree +-- globby@5.0.0
129 silly currentTree +-- graceful-fs@4.1.9
129 silly currentTree +-- has-ansi@2.0.0
129 silly currentTree +-- has-flag@1.0.0
129 silly currentTree +-- home-or-tmp@1.0.0
129 silly currentTree | `-- user-home@1.1.1
129 silly currentTree +-- ignore@3.2.0
129 silly currentTree +-- imurmurhash@0.1.4
129 silly currentTree +-- inflight@1.0.6
129 silly currentTree +-- inherits@2.0.3
129 silly currentTree +-- inquirer@0.12.0
129 silly currentTree +-- invariant@2.2.1
129 silly currentTree +-- is-finite@1.0.2
129 silly currentTree +-- is-fullwidth-code-point@1.0.0
129 silly currentTree +-- is-my-json-valid@2.15.0
129 silly currentTree +-- is-path-cwd@1.0.0
129 silly currentTree +-- is-path-in-cwd@1.0.0
129 silly currentTree +-- is-path-inside@1.0.0
129 silly currentTree +-- is-property@1.0.2
129 silly currentTree +-- is-resolvable@1.0.0
129 silly currentTree +-- isarray@1.0.0
129 silly currentTree +-- js-base64@2.1.9
129 silly currentTree +-- js-tokens@2.0.0
129 silly currentTree +-- js-yaml@3.6.1
129 silly currentTree +-- jsesc@1.3.0
129 silly currentTree +-- json-stable-stringify@1.0.1
129 silly currentTree +-- json5@0.4.0
129 silly currentTree +-- jsonify@0.0.0
129 silly currentTree +-- jsonpointer@4.0.0
129 silly currentTree +-- levn@0.3.0
129 silly currentTree +-- lodash._baseeach@4.1.3
129 silly currentTree +-- lodash._basefind@3.0.0
129 silly currentTree +-- lodash._basefindindex@3.6.0
129 silly currentTree +-- lodash._baseiteratee@4.7.0
129 silly currentTree +-- lodash._basetostring@4.12.0
129 silly currentTree +-- lodash._root@3.0.1
129 silly currentTree +-- lodash._stringtopath@4.8.0
129 silly currentTree +-- lodash.find@4.4.0
129 silly currentTree +-- lodash.memoize@4.1.0
129 silly currentTree +-- lodash@4.16.4
129 silly currentTree +-- loose-envify@1.2.0
129 silly currentTree | `-- js-tokens@1.0.3
129 silly currentTree +-- meteor-node-stubs@0.2.3
129 silly currentTree | +-- assert@1.3.0
129 silly currentTree | +-- browserify-zlib@0.1.4
129 silly currentTree | | `-- pako@0.2.8
129 silly currentTree | +-- buffer@4.5.1
129 silly currentTree | | +-- base64-js@1.1.2
129 silly currentTree | | +-- ieee754@1.1.6
129 silly currentTree | | `-- isarray@1.0.0
129 silly currentTree | +-- console-browserify@1.1.0
129 silly currentTree | | `-- date-now@0.1.4
129 silly currentTree | +-- constants-browserify@1.0.0
129 silly currentTree | +-- crypto-browserify@3.11.0
129 silly currentTree | | +-- browserify-cipher@1.0.0
129 silly currentTree | | | +-- browserify-aes@1.0.6
129 silly currentTree | | | | +-- buffer-xor@1.0.3
129 silly currentTree | | | | `-- cipher-base@1.0.2
129 silly currentTree | | | +-- browserify-des@1.0.0
129 silly currentTree | | | | +-- cipher-base@1.0.2
129 silly currentTree | | | | `-- des.js@1.0.0
129 silly currentTree | | | |   `-- minimalistic-assert@1.0.0
129 silly currentTree | | | `-- evp_bytestokey@1.0.0
129 silly currentTree | | +-- browserify-sign@4.0.0
129 silly currentTree | | | +-- bn.js@4.11.1
129 silly currentTree | | | +-- browserify-rsa@4.0.1
129 silly currentTree | | | +-- elliptic@6.2.3
129 silly currentTree | | | | +-- brorand@1.0.5
129 silly currentTree | | | | `-- hash.js@1.0.3
129 silly currentTree | | | `-- parse-asn1@5.0.0
129 silly currentTree | | |   +-- asn1.js@4.5.2
129 silly currentTree | | |   | `-- minimalistic-assert@1.0.0
129 silly currentTree | | |   +-- browserify-aes@1.0.6
129 silly currentTree | | |   | +-- buffer-xor@1.0.3
129 silly currentTree | | |   | `-- cipher-base@1.0.2
129 silly currentTree | | |   `-- evp_bytestokey@1.0.0
129 silly currentTree | | +-- create-ecdh@4.0.0
129 silly currentTree | | | +-- bn.js@4.11.1
129 silly currentTree | | | `-- elliptic@6.2.3
129 silly currentTree | | |   +-- brorand@1.0.5
129 silly currentTree | | |   `-- hash.js@1.0.3
129 silly currentTree | | +-- create-hash@1.1.2
129 silly currentTree | | | +-- cipher-base@1.0.2
129 silly currentTree | | | +-- ripemd160@1.0.1
129 silly currentTree | | | `-- sha.js@2.4.5
129 silly currentTree | | +-- create-hmac@1.1.4
129 silly currentTree | | +-- diffie-hellman@5.0.2
129 silly currentTree | | | +-- bn.js@4.11.1
129 silly currentTree | | | `-- miller-rabin@4.0.0
129 silly currentTree | | |   `-- brorand@1.0.5
129 silly currentTree | | +-- inherits@2.0.1
129 silly currentTree | | +-- pbkdf2@3.0.4
129 silly currentTree | | +-- public-encrypt@4.0.0
129 silly currentTree | | | +-- bn.js@4.11.1
129 silly currentTree | | | +-- browserify-rsa@4.0.1
129 silly currentTree | | | `-- parse-asn1@5.0.0
129 silly currentTree | | |   +-- asn1.js@4.5.2
129 silly currentTree | | |   | `-- minimalistic-assert@1.0.0
129 silly currentTree | | |   +-- browserify-aes@1.0.6
129 silly currentTree | | |   | +-- buffer-xor@1.0.3
129 silly currentTree | | |   | `-- cipher-base@1.0.2
129 silly currentTree | | |   `-- evp_bytestokey@1.0.0
129 silly currentTree | | `-- randombytes@2.0.3
129 silly currentTree | +-- domain-browser@1.1.7
129 silly currentTree | +-- events@1.1.0
129 silly currentTree | +-- http-browserify@1.7.0
129 silly currentTree | | +-- Base64@0.2.1
129 silly currentTree | | `-- inherits@2.0.1
129 silly currentTree | +-- https-browserify@0.0.1
129 silly currentTree | +-- os-browserify@0.2.1
129 silly currentTree | +-- path-browserify@0.0.0
129 silly currentTree | +-- process@0.11.2
129 silly currentTree | +-- punycode@1.4.1
129 silly currentTree | +-- querystring-es3@0.2.1
129 silly currentTree | +-- readable-stream@2.0.6
129 silly currentTree | | +-- core-util-is@1.0.2
129 silly currentTree | | +-- inherits@2.0.1
129 silly currentTree | | +-- isarray@1.0.0
129 silly currentTree | | +-- process-nextick-args@1.0.6
129 silly currentTree | | `-- util-deprecate@1.0.2
129 silly currentTree | +-- stream-browserify@2.0.1
129 silly currentTree | | `-- inherits@2.0.1
129 silly currentTree | +-- string_decoder@0.10.31
129 silly currentTree | +-- timers-browserify@1.4.2
129 silly currentTree | +-- tty-browserify@0.0.0
129 silly currentTree | +-- url@0.11.0
129 silly currentTree | | +-- punycode@1.3.2
129 silly currentTree | | `-- querystring@0.2.0
129 silly currentTree | +-- util@0.10.3
129 silly currentTree | | `-- inherits@2.0.1
129 silly currentTree | `-- vm-browserify@0.0.4
129 silly currentTree |   `-- indexof@0.0.1
129 silly currentTree +-- minimatch@3.0.3
129 silly currentTree +-- minimist@0.0.8
129 silly currentTree +-- mkdirp@0.5.1
129 silly currentTree +-- ms@0.7.1
129 silly currentTree +-- mute-stream@0.0.5
129 silly currentTree +-- normalize-range@0.1.2
129 silly currentTree +-- num2fraction@1.2.2
129 silly currentTree +-- number-is-nan@1.0.1
129 silly currentTree +-- object-assign@4.1.0
129 silly currentTree +-- once@1.4.0
129 silly currentTree +-- onetime@1.1.0
129 silly currentTree +-- optionator@0.8.2
129 silly currentTree +-- os-homedir@1.0.2
129 silly currentTree +-- os-tmpdir@1.0.2
129 silly currentTree +-- path-exists@3.0.0
129 silly currentTree +-- path-is-absolute@1.0.1
129 silly currentTree +-- path-is-inside@1.0.2
129 silly currentTree +-- pify@2.3.0
129 silly currentTree +-- pinkie-promise@2.0.1
129 silly currentTree +-- pinkie@2.0.4
129 silly currentTree +-- pluralize@1.2.1
129 silly currentTree +-- postcss-value-parser@3.3.0
129 silly currentTree +-- postcss@5.2.4
129 silly currentTree +-- prelude-ls@1.1.2
129 silly currentTree +-- private@0.1.6
129 silly currentTree +-- process-nextick-args@1.0.7
129 silly currentTree +-- progress@1.1.8
129 silly currentTree +-- readable-stream@2.0.6
129 silly currentTree +-- readline2@1.0.1
129 silly currentTree +-- regenerator-runtime@0.9.5
129 silly currentTree +-- repeating@1.1.3
129 silly currentTree +-- require-uncached@1.0.2
129 silly currentTree +-- resolve-from@1.0.1
129 silly currentTree +-- restore-cursor@1.0.1
129 silly currentTree +-- rimraf@2.5.4
129 silly currentTree +-- run-async@0.1.0
129 silly currentTree +-- rx-lite@3.1.2
129 silly currentTree +-- shebang-regex@1.0.0
129 silly currentTree +-- shelljs@0.6.1
129 silly currentTree +-- slash@1.0.0
129 silly currentTree +-- slice-ansi@0.0.4
129 silly currentTree +-- source-map-support@0.2.10
129 silly currentTree | `-- source-map@0.1.32
129 silly currentTree +-- source-map@0.5.6
129 silly currentTree +-- sprintf-js@1.0.3
129 silly currentTree +-- string_decoder@0.10.31
129 silly currentTree +-- string-width@1.0.2
129 silly currentTree +-- strip-ansi@3.0.1
129 silly currentTree +-- strip-json-comments@1.0.4
129 silly currentTree +-- supports-color@3.1.2
129 silly currentTree +-- table@3.8.0
129 silly currentTree +-- text-table@0.2.0
129 silly currentTree +-- through@2.3.8
129 silly currentTree +-- to-fast-properties@1.0.2
129 silly currentTree +-- tryit@1.0.2
129 silly currentTree +-- type-check@0.3.2
129 silly currentTree +-- type-detect@1.0.0
129 silly currentTree +-- typedarray@0.0.6
129 silly currentTree +-- user-home@2.0.0
129 silly currentTree +-- util-deprecate@1.0.2
129 silly currentTree +-- wordwrap@1.0.0
129 silly currentTree +-- wrappy@1.0.2
129 silly currentTree +-- write@0.2.1
129 silly currentTree `-- xtend@4.0.1
130 silly idealTree digits@
130 silly idealTree +-- acorn-jsx@3.0.1
130 silly idealTree | `-- acorn@3.3.0
130 silly idealTree +-- acorn@4.0.3
130 silly idealTree +-- ajv-keywords@1.1.1
130 silly idealTree +-- ajv@4.7.7
130 silly idealTree +-- amdefine@1.0.0
130 silly idealTree +-- ansi-escapes@1.4.0
130 silly idealTree +-- ansi-regex@2.0.0
130 silly idealTree +-- ansi-styles@2.2.1
130 silly idealTree +-- argparse@1.0.9
130 silly idealTree +-- array-union@1.0.2
130 silly idealTree +-- array-uniq@1.0.3
130 silly idealTree +-- arrify@1.0.1
130 silly idealTree +-- assertion-error@1.0.2
130 silly idealTree +-- autoprefixer@6.5.1
130 silly idealTree +-- babel-code-frame@6.16.0
130 silly idealTree +-- babel-core@6.17.0
130 silly idealTree | +-- babel-register@6.16.3
130 silly idealTree | +-- babel-runtime@6.11.6
130 silly idealTree | +-- path-exists@1.0.0
130 silly idealTree | `-- source-map-support@0.4.3
130 silly idealTree +-- babel-generator@6.17.0
130 silly idealTree | `-- babel-runtime@6.11.6
130 silly idealTree +-- babel-helpers@6.16.0
130 silly idealTree +-- babel-messages@6.8.0
130 silly idealTree +-- babel-polyfill@6.9.0
130 silly idealTree | `-- babel-runtime@6.11.6
130 silly idealTree +-- babel-regenerator-runtime@6.5.0
130 silly idealTree +-- babel-register@6.8.0
130 silly idealTree | +-- lodash@3.10.1
130 silly idealTree | `-- path-exists@1.0.0
130 silly idealTree +-- babel-runtime@6.6.1
130 silly idealTree +-- babel-template@6.16.0
130 silly idealTree | `-- babel-runtime@6.11.6
130 silly idealTree +-- babel-traverse@6.16.0
130 silly idealTree | +-- babel-runtime@6.11.6
130 silly idealTree | `-- globals@8.18.0
130 silly idealTree +-- babel-types@6.16.0
130 silly idealTree | `-- babel-runtime@6.11.6
130 silly idealTree +-- babylon@6.12.0
130 silly idealTree +-- balanced-match@0.4.2
130 silly idealTree +-- bcrypt@0.8.7
130 silly idealTree +-- bindings@1.2.1
130 silly idealTree +-- brace-expansion@1.1.6
130 silly idealTree +-- browserslist@1.4.0
130 silly idealTree +-- caller-path@0.1.0
130 silly idealTree +-- callsites@0.2.0
130 silly idealTree +-- caniuse-db@1.0.30000557
130 silly idealTree +-- chai@3.5.0
130 silly idealTree +-- chalk@1.1.3
130 silly idealTree | `-- supports-color@2.0.0
130 silly idealTree +-- circular-json@0.3.1
130 silly idealTree +-- cli-cursor@1.0.2
130 silly idealTree +-- cli-width@2.1.0
130 silly idealTree +-- co@4.6.0
130 silly idealTree +-- code-point-at@1.0.1
130 silly idealTree +-- concat-map@0.0.1
130 silly idealTree +-- concat-stream@1.5.2
130 silly idealTree +-- convert-source-map@1.3.0
130 silly idealTree +-- core-js@2.4.1
130 silly idealTree +-- core-util-is@1.0.2
130 silly idealTree +-- d@0.1.1
130 silly idealTree +-- debug@2.2.0
130 silly idealTree +-- deep-eql@0.1.3
130 silly idealTree | `-- type-detect@0.1.1
130 silly idealTree +-- deep-is@0.1.3
130 silly idealTree +-- del@2.2.2
130 silly idealTree +-- detect-indent@3.0.1
130 silly idealTree | `-- minimist@1.2.0
130 silly idealTree +-- docdash@0.3.0
130 silly idealTree +-- doctrine@1.5.0
130 silly idealTree +-- es5-ext@0.10.12
130 silly idealTree +-- es6-enum@1.1.0
130 silly idealTree +-- es6-iterator@2.0.0
130 silly idealTree +-- es6-map@0.1.4
130 silly idealTree +-- es6-set@0.1.4
130 silly idealTree +-- es6-symbol@3.1.0
130 silly idealTree +-- es6-weak-map@2.0.1
130 silly idealTree +-- escape-string-regexp@1.0.5
130 silly idealTree +-- escope@3.6.0
130 silly idealTree +-- eslint-config-airbnb@7.0.0
130 silly idealTree +-- eslint-plugin-jsx-a11y@0.6.2
130 silly idealTree +-- eslint-plugin-meteor@3.6.0
130 silly idealTree +-- eslint-plugin-react@4.3.0
130 silly idealTree +-- eslint@2.13.1
130 silly idealTree +-- espree@3.3.2
130 silly idealTree +-- esprima@2.7.3
130 silly idealTree +-- esrecurse@4.1.0
130 silly idealTree | `-- estraverse@4.1.1
130 silly idealTree +-- estraverse@4.2.0
130 silly idealTree +-- esutils@2.0.2
130 silly idealTree +-- event-emitter@0.3.4
130 silly idealTree +-- exit-hook@1.1.1
130 silly idealTree +-- fast-levenshtein@2.0.5
130 silly idealTree +-- figures@1.7.0
130 silly idealTree +-- file-entry-cache@1.3.1
130 silly idealTree +-- flat-cache@1.2.1
130 silly idealTree +-- fs.realpath@1.0.0
130 silly idealTree +-- generate-function@2.0.0
130 silly idealTree +-- generate-object-property@1.2.0
130 silly idealTree +-- get-stdin@4.0.1
130 silly idealTree +-- glob@7.1.1
130 silly idealTree +-- globals@9.12.0
130 silly idealTree +-- globby@5.0.0
130 silly idealTree +-- graceful-fs@4.1.9
130 silly idealTree +-- has-ansi@2.0.0
130 silly idealTree +-- has-flag@1.0.0
130 silly idealTree +-- home-or-tmp@1.0.0
130 silly idealTree | `-- user-home@1.1.1
130 silly idealTree +-- ignore@3.2.0
130 silly idealTree +-- imurmurhash@0.1.4
130 silly idealTree +-- inflight@1.0.6
130 silly idealTree +-- inherits@2.0.3
130 silly idealTree +-- inquirer@0.12.0
130 silly idealTree +-- invariant@2.2.1
130 silly idealTree +-- is-finite@1.0.2
130 silly idealTree +-- is-fullwidth-code-point@1.0.0
130 silly idealTree +-- is-my-json-valid@2.15.0
130 silly idealTree +-- is-path-cwd@1.0.0
130 silly idealTree +-- is-path-in-cwd@1.0.0
130 silly idealTree +-- is-path-inside@1.0.0
130 silly idealTree +-- is-property@1.0.2
130 silly idealTree +-- is-resolvable@1.0.0
130 silly idealTree +-- isarray@1.0.0
130 silly idealTree +-- js-base64@2.1.9
130 silly idealTree +-- js-tokens@2.0.0
130 silly idealTree +-- js-yaml@3.6.1
130 silly idealTree +-- jsesc@1.3.0
130 silly idealTree +-- json-stable-stringify@1.0.1
130 silly idealTree +-- json5@0.4.0
130 silly idealTree +-- jsonify@0.0.0
130 silly idealTree +-- jsonpointer@4.0.0
130 silly idealTree +-- levn@0.3.0
130 silly idealTree +-- lodash._baseeach@4.1.3
130 silly idealTree +-- lodash._basefind@3.0.0
130 silly idealTree +-- lodash._basefindindex@3.6.0
130 silly idealTree +-- lodash._baseiteratee@4.7.0
130 silly idealTree +-- lodash._basetostring@4.12.0
130 silly idealTree +-- lodash._root@3.0.1
130 silly idealTree +-- lodash._stringtopath@4.8.0
130 silly idealTree +-- lodash.find@4.4.0
130 silly idealTree +-- lodash.memoize@4.1.0
130 silly idealTree +-- lodash@4.16.4
130 silly idealTree +-- loose-envify@1.2.0
130 silly idealTree | `-- js-tokens@1.0.3
130 silly idealTree +-- meteor-node-stubs@0.2.3
130 silly idealTree | +-- assert@1.3.0
130 silly idealTree | +-- browserify-zlib@0.1.4
130 silly idealTree | | `-- pako@0.2.8
130 silly idealTree | +-- buffer@4.5.1
130 silly idealTree | | +-- base64-js@1.1.2
130 silly idealTree | | +-- ieee754@1.1.6
130 silly idealTree | | `-- isarray@1.0.0
130 silly idealTree | +-- console-browserify@1.1.0
130 silly idealTree | | `-- date-now@0.1.4
130 silly idealTree | +-- constants-browserify@1.0.0
130 silly idealTree | +-- crypto-browserify@3.11.0
130 silly idealTree | | +-- browserify-cipher@1.0.0
130 silly idealTree | | | +-- browserify-aes@1.0.6
130 silly idealTree | | | | +-- buffer-xor@1.0.3
130 silly idealTree | | | | `-- cipher-base@1.0.2
130 silly idealTree | | | +-- browserify-des@1.0.0
130 silly idealTree | | | | +-- cipher-base@1.0.2
130 silly idealTree | | | | `-- des.js@1.0.0
130 silly idealTree | | | |   `-- minimalistic-assert@1.0.0
130 silly idealTree | | | `-- evp_bytestokey@1.0.0
130 silly idealTree | | +-- browserify-sign@4.0.0
130 silly idealTree | | | +-- bn.js@4.11.1
130 silly idealTree | | | +-- browserify-rsa@4.0.1
130 silly idealTree | | | +-- elliptic@6.2.3
130 silly idealTree | | | | +-- brorand@1.0.5
130 silly idealTree | | | | `-- hash.js@1.0.3
130 silly idealTree | | | `-- parse-asn1@5.0.0
130 silly idealTree | | |   +-- asn1.js@4.5.2
130 silly idealTree | | |   | `-- minimalistic-assert@1.0.0
130 silly idealTree | | |   +-- browserify-aes@1.0.6
130 silly idealTree | | |   | +-- buffer-xor@1.0.3
130 silly idealTree | | |   | `-- cipher-base@1.0.2
130 silly idealTree | | |   `-- evp_bytestokey@1.0.0
130 silly idealTree | | +-- create-ecdh@4.0.0
130 silly idealTree | | | +-- bn.js@4.11.1
130 silly idealTree | | | `-- elliptic@6.2.3
130 silly idealTree | | |   +-- brorand@1.0.5
130 silly idealTree | | |   `-- hash.js@1.0.3
130 silly idealTree | | +-- create-hash@1.1.2
130 silly idealTree | | | +-- cipher-base@1.0.2
130 silly idealTree | | | +-- ripemd160@1.0.1
130 silly idealTree | | | `-- sha.js@2.4.5
130 silly idealTree | | +-- create-hmac@1.1.4
130 silly idealTree | | +-- diffie-hellman@5.0.2
130 silly idealTree | | | +-- bn.js@4.11.1
130 silly idealTree | | | `-- miller-rabin@4.0.0
130 silly idealTree | | |   `-- brorand@1.0.5
130 silly idealTree | | +-- inherits@2.0.1
130 silly idealTree | | +-- pbkdf2@3.0.4
130 silly idealTree | | +-- public-encrypt@4.0.0
130 silly idealTree | | | +-- bn.js@4.11.1
130 silly idealTree | | | +-- browserify-rsa@4.0.1
130 silly idealTree | | | `-- parse-asn1@5.0.0
130 silly idealTree | | |   +-- asn1.js@4.5.2
130 silly idealTree | | |   | `-- minimalistic-assert@1.0.0
130 silly idealTree | | |   +-- browserify-aes@1.0.6
130 silly idealTree | | |   | +-- buffer-xor@1.0.3
130 silly idealTree | | |   | `-- cipher-base@1.0.2
130 silly idealTree | | |   `-- evp_bytestokey@1.0.0
130 silly idealTree | | `-- randombytes@2.0.3
130 silly idealTree | +-- domain-browser@1.1.7
130 silly idealTree | +-- events@1.1.0
130 silly idealTree | +-- http-browserify@1.7.0
130 silly idealTree | | +-- Base64@0.2.1
130 silly idealTree | | `-- inherits@2.0.1
130 silly idealTree | +-- https-browserify@0.0.1
130 silly idealTree | +-- os-browserify@0.2.1
130 silly idealTree | +-- path-browserify@0.0.0
130 silly idealTree | +-- process@0.11.2
130 silly idealTree | +-- punycode@1.4.1
130 silly idealTree | +-- querystring-es3@0.2.1
130 silly idealTree | +-- readable-stream@2.0.6
130 silly idealTree | | +-- core-util-is@1.0.2
130 silly idealTree | | +-- inherits@2.0.1
130 silly idealTree | | +-- isarray@1.0.0
130 silly idealTree | | +-- process-nextick-args@1.0.6
130 silly idealTree | | `-- util-deprecate@1.0.2
130 silly idealTree | +-- stream-browserify@2.0.1
130 silly idealTree | | `-- inherits@2.0.1
130 silly idealTree | +-- string_decoder@0.10.31
130 silly idealTree | +-- timers-browserify@1.4.2
130 silly idealTree | +-- tty-browserify@0.0.0
130 silly idealTree | +-- url@0.11.0
130 silly idealTree | | +-- punycode@1.3.2
130 silly idealTree | | `-- querystring@0.2.0
130 silly idealTree | +-- util@0.10.3
130 silly idealTree | | `-- inherits@2.0.1
130 silly idealTree | `-- vm-browserify@0.0.4
130 silly idealTree |   `-- indexof@0.0.1
130 silly idealTree +-- minimatch@3.0.3
130 silly idealTree +-- minimist@0.0.8
130 silly idealTree +-- mkdirp@0.5.1
130 silly idealTree +-- ms@0.7.1
130 silly idealTree +-- mute-stream@0.0.5
130 silly idealTree +-- nan@2.3.5
130 silly idealTree +-- normalize-range@0.1.2
130 silly idealTree +-- num2fraction@1.2.2
130 silly idealTree +-- number-is-nan@1.0.1
130 silly idealTree +-- object-assign@4.1.0
130 silly idealTree +-- once@1.4.0
130 silly idealTree +-- onetime@1.1.0
130 silly idealTree +-- optionator@0.8.2
130 silly idealTree +-- os-homedir@1.0.2
130 silly idealTree +-- os-tmpdir@1.0.2
130 silly idealTree +-- path-exists@3.0.0
130 silly idealTree +-- path-is-absolute@1.0.1
130 silly idealTree +-- path-is-inside@1.0.2
130 silly idealTree +-- pify@2.3.0
130 silly idealTree +-- pinkie-promise@2.0.1
130 silly idealTree +-- pinkie@2.0.4
130 silly idealTree +-- pluralize@1.2.1
130 silly idealTree +-- postcss-value-parser@3.3.0
130 silly idealTree +-- postcss@5.2.4
130 silly idealTree +-- prelude-ls@1.1.2
130 silly idealTree +-- private@0.1.6
130 silly idealTree +-- process-nextick-args@1.0.7
130 silly idealTree +-- progress@1.1.8
130 silly idealTree +-- readable-stream@2.0.6
130 silly idealTree +-- readline2@1.0.1
130 silly idealTree +-- regenerator-runtime@0.9.5
130 silly idealTree +-- repeating@1.1.3
130 silly idealTree +-- require-uncached@1.0.2
130 silly idealTree +-- resolve-from@1.0.1
130 silly idealTree +-- restore-cursor@1.0.1
130 silly idealTree +-- rimraf@2.5.4
130 silly idealTree +-- run-async@0.1.0
130 silly idealTree +-- rx-lite@3.1.2
130 silly idealTree +-- shebang-regex@1.0.0
130 silly idealTree +-- shelljs@0.6.1
130 silly idealTree +-- slash@1.0.0
130 silly idealTree +-- slice-ansi@0.0.4
130 silly idealTree +-- source-map-support@0.2.10
130 silly idealTree | `-- source-map@0.1.32
130 silly idealTree +-- source-map@0.5.6
130 silly idealTree +-- sprintf-js@1.0.3
130 silly idealTree +-- string_decoder@0.10.31
130 silly idealTree +-- string-width@1.0.2
130 silly idealTree +-- strip-ansi@3.0.1
130 silly idealTree +-- strip-json-comments@1.0.4
130 silly idealTree +-- supports-color@3.1.2
130 silly idealTree +-- table@3.8.0
130 silly idealTree +-- text-table@0.2.0
130 silly idealTree +-- through@2.3.8
130 silly idealTree +-- to-fast-properties@1.0.2
130 silly idealTree +-- tryit@1.0.2
130 silly idealTree +-- type-check@0.3.2
130 silly idealTree +-- type-detect@1.0.0
130 silly idealTree +-- typedarray@0.0.6
130 silly idealTree +-- user-home@2.0.0
130 silly idealTree +-- util-deprecate@1.0.2
130 silly idealTree +-- wordwrap@1.0.0
130 silly idealTree +-- wrappy@1.0.2
130 silly idealTree +-- write@0.2.1
130 silly idealTree `-- xtend@4.0.1
131 silly generateActionsToTake Starting
132 silly install generateActionsToTake
133 silly generateActionsToTake Finishing
134 silly diffTrees action count 3
135 silly diffTrees add bindings@1.2.1
136 silly diffTrees add nan@2.3.5
137 silly diffTrees add bcrypt@0.8.7
138 silly decomposeActions action count 24
139 silly decomposeActions fetch bindings@1.2.1
140 silly decomposeActions extract bindings@1.2.1
141 silly decomposeActions test bindings@1.2.1
142 silly decomposeActions preinstall bindings@1.2.1
143 silly decomposeActions build bindings@1.2.1
144 silly decomposeActions install bindings@1.2.1
145 silly decomposeActions postinstall bindings@1.2.1
146 silly decomposeActions finalize bindings@1.2.1
147 silly decomposeActions fetch nan@2.3.5
148 silly decomposeActions extract nan@2.3.5
149 silly decomposeActions test nan@2.3.5
150 silly decomposeActions preinstall nan@2.3.5
151 silly decomposeActions build nan@2.3.5
152 silly decomposeActions install nan@2.3.5
153 silly decomposeActions postinstall nan@2.3.5
154 silly decomposeActions finalize nan@2.3.5
155 silly decomposeActions fetch bcrypt@0.8.7
156 silly decomposeActions extract bcrypt@0.8.7
157 silly decomposeActions test bcrypt@0.8.7
158 silly decomposeActions preinstall bcrypt@0.8.7
159 silly decomposeActions build bcrypt@0.8.7
160 silly decomposeActions install bcrypt@0.8.7
161 silly decomposeActions postinstall bcrypt@0.8.7
162 silly decomposeActions finalize bcrypt@0.8.7
163 silly executeActions Starting
164 silly install executeActions
165 silly doSerial global-install 0
166 silly doParallel fetch 3
167 verbose correctMkdir C:\Users\nate\AppData\Roaming\npm-cache\_locks correctMkdir not in flight; initializing
168 verbose lock using C:\Users\nate\AppData\Roaming\npm-cache\_locks\staging-04eabc3c35da919d.lock for C:\Users\nate\Documents\GitHub\digits\app\node_modules\.staging
169 silly doParallel extract 3
170 silly extract bindings@1.2.1
171 silly extract nan@2.3.5
172 silly extract bcrypt@0.8.7
173 verbose unbuild node_modules\.staging\bindings-41898fa2
174 verbose unbuild node_modules\.staging\nan-e7854403
175 verbose unbuild node_modules\.staging\bcrypt-016dcc01
176 silly gentlyRm C:\Users\nate\Documents\GitHub\digits\app\node_modules\.staging\bindings-41898fa2 is being purged from base C:\Users\nate\Documents\GitHub\digits\app
177 verbose gentlyRm don't care about contents; nuking C:\Users\nate\Documents\GitHub\digits\app\node_modules\.staging\bindings-41898fa2
178 silly gentlyRm C:\Users\nate\Documents\GitHub\digits\app\node_modules\.staging\nan-e7854403 is being purged from base C:\Users\nate\Documents\GitHub\digits\app
179 verbose gentlyRm don't care about contents; nuking C:\Users\nate\Documents\GitHub\digits\app\node_modules\.staging\nan-e7854403
180 silly gentlyRm C:\Users\nate\Documents\GitHub\digits\app\node_modules\.staging\bcrypt-016dcc01 is being purged from base C:\Users\nate\Documents\GitHub\digits\app
181 verbose gentlyRm don't care about contents; nuking C:\Users\nate\Documents\GitHub\digits\app\node_modules\.staging\bcrypt-016dcc01
182 verbose tar unpack C:\Users\nate\AppData\Roaming\npm-cache\bindings\1.2.1\package.tgz
183 verbose tar unpacking to C:\Users\nate\Documents\GitHub\digits\app\node_modules\.staging\bindings-41898fa2
184 silly gentlyRm C:\Users\nate\Documents\GitHub\digits\app\node_modules\.staging\bindings-41898fa2 is being purged
185 verbose gentlyRm don't care about contents; nuking C:\Users\nate\Documents\GitHub\digits\app\node_modules\.staging\bindings-41898fa2
186 verbose tar unpack C:\Users\nate\AppData\Roaming\npm-cache\nan\2.3.5\package.tgz
187 verbose tar unpacking to C:\Users\nate\Documents\GitHub\digits\app\node_modules\.staging\nan-e7854403
188 silly gentlyRm C:\Users\nate\Documents\GitHub\digits\app\node_modules\.staging\nan-e7854403 is being purged
189 verbose gentlyRm don't care about contents; nuking C:\Users\nate\Documents\GitHub\digits\app\node_modules\.staging\nan-e7854403
190 verbose tar unpack C:\Users\nate\AppData\Roaming\npm-cache\bcrypt\0.8.7\package.tgz
191 verbose tar unpacking to C:\Users\nate\Documents\GitHub\digits\app\node_modules\.staging\bcrypt-016dcc01
192 silly gentlyRm C:\Users\nate\Documents\GitHub\digits\app\node_modules\.staging\bcrypt-016dcc01 is being purged
193 verbose gentlyRm don't care about contents; nuking C:\Users\nate\Documents\GitHub\digits\app\node_modules\.staging\bcrypt-016dcc01
194 silly gunzTarPerm modes [ '777', '666' ]
195 silly gunzTarPerm modes [ '777', '666' ]
196 silly gunzTarPerm modes [ '777', '666' ]
197 silly gunzTarPerm extractEntry package.json
198 silly gunzTarPerm modified mode [ 'package.json', 420, 438 ]
199 silly gunzTarPerm extractEntry package.json
200 silly gunzTarPerm modified mode [ 'package.json', 436, 438 ]
201 silly gunzTarPerm extractEntry package.json
202 silly gunzTarPerm modified mode [ 'package.json', 420, 438 ]
203 silly gunzTarPerm extractEntry README.md
204 silly gunzTarPerm modified mode [ 'README.md', 420, 438 ]
205 silly gunzTarPerm extractEntry bindings.js
206 silly gunzTarPerm modified mode [ 'bindings.js', 420, 438 ]
207 silly gunzTarPerm extractEntry README.md
208 silly gunzTarPerm modified mode [ 'README.md', 436, 438 ]
209 silly gunzTarPerm extractEntry include_dirs.js
210 silly gunzTarPerm modified mode [ 'include_dirs.js', 436, 438 ]
211 silly gunzTarPerm extractEntry nan_converters.h
212 silly gunzTarPerm modified mode [ 'nan_converters.h', 436, 438 ]
213 silly gunzTarPerm extractEntry LICENSE.md
214 silly gunzTarPerm modified mode [ 'LICENSE.md', 436, 438 ]
215 silly gunzTarPerm extractEntry doc/node_misc.md
216 silly gunzTarPerm modified mode [ 'doc/node_misc.md', 436, 438 ]
217 silly gunzTarPerm extractEntry doc/asyncworker.md
218 silly gunzTarPerm modified mode [ 'doc/asyncworker.md', 436, 438 ]
219 silly gunzTarPerm extractEntry doc/callback.md
220 silly gunzTarPerm modified mode [ 'doc/callback.md', 436, 438 ]
221 silly gunzTarPerm extractEntry doc/converters.md
222 silly gunzTarPerm modified mode [ 'doc/converters.md', 436, 438 ]
223 silly gunzTarPerm extractEntry doc/errors.md
224 silly gunzTarPerm modified mode [ 'doc/errors.md', 436, 438 ]
225 silly gunzTarPerm extractEntry doc/maybe_types.md
226 silly gunzTarPerm modified mode [ 'doc/maybe_types.md', 436, 438 ]
227 silly gunzTarPerm extractEntry doc/methods.md
228 silly gunzTarPerm modified mode [ 'doc/methods.md', 436, 438 ]
229 silly gunzTarPerm extractEntry doc/new.md
230 silly gunzTarPerm modified mode [ 'doc/new.md', 436, 438 ]
231 silly gunzTarPerm extractEntry doc/buffers.md
232 silly gunzTarPerm modified mode [ 'doc/buffers.md', 436, 438 ]
233 silly gunzTarPerm extractEntry doc/object_wrappers.md
234 silly gunzTarPerm modified mode [ 'doc/object_wrappers.md', 436, 438 ]
235 silly gunzTarPerm extractEntry doc/persistent.md
236 silly gunzTarPerm modified mode [ 'doc/persistent.md', 436, 438 ]
237 silly gunzTarPerm extractEntry doc/scopes.md
238 silly gunzTarPerm modified mode [ 'doc/scopes.md', 436, 438 ]
239 silly gunzTarPerm extractEntry doc/script.md
240 silly gunzTarPerm modified mode [ 'doc/script.md', 436, 438 ]
241 silly gunzTarPerm extractEntry doc/string_bytes.md
242 silly gunzTarPerm modified mode [ 'doc/string_bytes.md', 436, 438 ]
243 silly gunzTarPerm extractEntry doc/v8_internals.md
244 silly gunzTarPerm modified mode [ 'doc/v8_internals.md', 436, 438 ]
245 silly gunzTarPerm extractEntry doc/v8_misc.md
246 silly gunzTarPerm modified mode [ 'doc/v8_misc.md', 436, 438 ]
247 silly gunzTarPerm extractEntry nan.h
248 silly gunzTarPerm modified mode [ 'nan.h', 436, 438 ]
249 silly gunzTarPerm extractEntry nan_callbacks.h
250 silly gunzTarPerm modified mode [ 'nan_callbacks.h', 436, 438 ]
251 silly gunzTarPerm extractEntry nan_callbacks_12_inl.h
252 silly gunzTarPerm modified mode [ 'nan_callbacks_12_inl.h', 436, 438 ]
253 silly gunzTarPerm extractEntry nan_callbacks_pre_12_inl.h
254 silly gunzTarPerm modified mode [ 'nan_callbacks_pre_12_inl.h', 436, 438 ]
255 silly gunzTarPerm extractEntry nan_converters_43_inl.h
256 silly gunzTarPerm modified mode [ 'nan_converters_43_inl.h', 436, 438 ]
257 silly gunzTarPerm extractEntry nan_converters_pre_43_inl.h
258 silly gunzTarPerm modified mode [ 'nan_converters_pre_43_inl.h', 436, 438 ]
259 silly gunzTarPerm extractEntry nan_implementation_12_inl.h
260 silly gunzTarPerm modified mode [ 'nan_implementation_12_inl.h', 436, 438 ]
261 silly gunzTarPerm extractEntry nan_implementation_pre_12_inl.h
262 silly gunzTarPerm modified mode [ 'nan_implementation_pre_12_inl.h', 436, 438 ]
263 silly gunzTarPerm extractEntry nan_maybe_43_inl.h
264 silly gunzTarPerm modified mode [ 'nan_maybe_43_inl.h', 436, 438 ]
265 silly gunzTarPerm extractEntry nan_maybe_pre_43_inl.h
266 silly gunzTarPerm modified mode [ 'nan_maybe_pre_43_inl.h', 436, 438 ]
267 silly gunzTarPerm extractEntry nan_new.h
268 silly gunzTarPerm modified mode [ 'nan_new.h', 436, 438 ]
269 silly gunzTarPerm extractEntry nan_object_wrap.h
270 silly gunzTarPerm modified mode [ 'nan_object_wrap.h', 436, 438 ]
271 silly gunzTarPerm extractEntry nan_persistent_12_inl.h
272 silly gunzTarPerm modified mode [ 'nan_persistent_12_inl.h', 436, 438 ]
273 silly gunzTarPerm extractEntry nan_persistent_pre_12_inl.h
274 silly gunzTarPerm modified mode [ 'nan_persistent_pre_12_inl.h', 436, 438 ]
275 silly gunzTarPerm extractEntry nan_string_bytes.h
276 silly gunzTarPerm modified mode [ 'nan_string_bytes.h', 436, 438 ]
277 silly gunzTarPerm extractEntry nan_typedarray_contents.h
278 silly gunzTarPerm modified mode [ 'nan_typedarray_contents.h', 436, 438 ]
279 silly gunzTarPerm extractEntry nan_weak.h
280 silly gunzTarPerm modified mode [ 'nan_weak.h', 436, 438 ]
281 silly gunzTarPerm extractEntry CHANGELOG.md
282 silly gunzTarPerm modified mode [ 'CHANGELOG.md', 436, 438 ]
283 silly gunzTarPerm extractEntry tools/package.json
284 silly gunzTarPerm modified mode [ 'tools/package.json', 436, 438 ]
285 silly gunzTarPerm extractEntry tools/README.md
286 silly gunzTarPerm modified mode [ 'tools/README.md', 436, 438 ]
287 silly gunzTarPerm extractEntry tools/1to2.js
288 silly gunzTarPerm modified mode [ 'tools/1to2.js', 509, 511 ]
289 silly gunzTarPerm extractEntry .npmignore
290 silly gunzTarPerm modified mode [ '.npmignore', 420, 438 ]
291 silly gunzTarPerm extractEntry README.md
292 silly gunzTarPerm modified mode [ 'README.md', 420, 438 ]
293 silly gunzTarPerm extractEntry LICENSE
294 silly gunzTarPerm modified mode [ 'LICENSE', 420, 438 ]
295 silly gunzTarPerm extractEntry bcrypt.js
296 silly gunzTarPerm modified mode [ 'bcrypt.js', 420, 438 ]
297 silly gunzTarPerm extractEntry Makefile
298 silly gunzTarPerm modified mode [ 'Makefile', 420, 438 ]
299 silly gunzTarPerm extractEntry .travis.yml
300 silly gunzTarPerm modified mode [ '.travis.yml', 420, 438 ]
301 silly gunzTarPerm extractEntry CHANGELOG.md
302 silly gunzTarPerm modified mode [ 'CHANGELOG.md', 420, 438 ]
303 silly gunzTarPerm extractEntry binding.gyp
304 silly gunzTarPerm modified mode [ 'binding.gyp', 420, 438 ]
305 silly gunzTarPerm extractEntry examples/async_compare.js
306 silly gunzTarPerm modified mode [ 'examples/async_compare.js', 420, 438 ]
307 silly gunzTarPerm extractEntry examples/forever_gen_salt.js
308 silly gunzTarPerm modified mode [ 'examples/forever_gen_salt.js', 420, 438 ]
309 silly gunzTarPerm extractEntry test/async.js
310 silly gunzTarPerm modified mode [ 'test/async.js', 420, 438 ]
311 silly gunzTarPerm extractEntry test/repetitions.js
312 silly gunzTarPerm modified mode [ 'test/repetitions.js', 420, 438 ]
313 silly gunzTarPerm extractEntry test/sync.js
314 silly gunzTarPerm modified mode [ 'test/sync.js', 420, 438 ]
315 silly gunzTarPerm extractEntry ISSUE_TEMPLATE.md
316 silly gunzTarPerm modified mode [ 'ISSUE_TEMPLATE.md', 420, 438 ]
317 silly gunzTarPerm extractEntry src/bcrypt.cc
318 silly gunzTarPerm modified mode [ 'src/bcrypt.cc', 420, 438 ]
319 silly gunzTarPerm extractEntry src/bcrypt_node.cc
320 silly gunzTarPerm modified mode [ 'src/bcrypt_node.cc', 420, 438 ]
321 silly gunzTarPerm extractEntry src/blowfish.cc
322 silly gunzTarPerm modified mode [ 'src/blowfish.cc', 420, 438 ]
323 silly gunzTarPerm extractEntry src/node_blf.h
324 silly gunzTarPerm modified mode [ 'src/node_blf.h', 420, 438 ]
325 silly gunzTarPerm extractEntry werker.yml
326 silly gunzTarPerm modified mode [ 'werker.yml', 420, 438 ]
327 silly gentlyRm C:\Users\nate\Documents\GitHub\digits\app\node_modules\.staging\bindings-41898fa2\node_modules is being purged
328 verbose gentlyRm don't care about contents; nuking C:\Users\nate\Documents\GitHub\digits\app\node_modules\.staging\bindings-41898fa2\node_modules
329 silly gentlyRm C:\Users\nate\Documents\GitHub\digits\app\node_modules\.staging\bcrypt-016dcc01\node_modules is being purged
330 verbose gentlyRm don't care about contents; nuking C:\Users\nate\Documents\GitHub\digits\app\node_modules\.staging\bcrypt-016dcc01\node_modules
331 silly gentlyRm C:\Users\nate\Documents\GitHub\digits\app\node_modules\.staging\nan-e7854403\node_modules is being purged
332 verbose gentlyRm don't care about contents; nuking C:\Users\nate\Documents\GitHub\digits\app\node_modules\.staging\nan-e7854403\node_modules
333 silly doParallel preinstall 3
334 silly preinstall bindings@1.2.1 C:\Users\nate\Documents\GitHub\digits\app\node_modules\.staging\bindings-41898fa2
335 info lifecycle bindings@1.2.1~preinstall: bindings@1.2.1
336 silly preinstall nan@2.3.5 C:\Users\nate\Documents\GitHub\digits\app\node_modules\.staging\nan-e7854403
337 info lifecycle nan@2.3.5~preinstall: nan@2.3.5
338 silly preinstall bcrypt@0.8.7 C:\Users\nate\Documents\GitHub\digits\app\node_modules\.staging\bcrypt-016dcc01
339 info lifecycle bcrypt@0.8.7~preinstall: bcrypt@0.8.7
340 silly lifecycle bindings@1.2.1~preinstall: no script for preinstall, continuing
341 silly lifecycle nan@2.3.5~preinstall: no script for preinstall, continuing
342 silly lifecycle bcrypt@0.8.7~preinstall: no script for preinstall, continuing
343 silly doReverseSerial remove 0
344 silly doSerial move 0
345 silly doSerial finalize 3
346 silly finalize C:\Users\nate\Documents\GitHub\digits\app\node_modules\bindings
347 silly finalize C:\Users\nate\Documents\GitHub\digits\app\node_modules\nan
348 silly finalize C:\Users\nate\Documents\GitHub\digits\app\node_modules\bcrypt
349 silly doSerial build 3
350 silly build bindings@1.2.1
351 info linkStuff bindings@1.2.1
352 silly linkStuff bindings@1.2.1 has C:\Users\nate\Documents\GitHub\digits\app\node_modules as its parent node_modules
353 verbose linkBins bindings@1.2.1
354 verbose linkMans bindings@1.2.1
355 silly build nan@2.3.5
356 info linkStuff nan@2.3.5
357 silly linkStuff nan@2.3.5 has C:\Users\nate\Documents\GitHub\digits\app\node_modules as its parent node_modules
358 verbose linkBins nan@2.3.5
359 verbose linkMans nan@2.3.5
360 silly build bcrypt@0.8.7
361 info linkStuff bcrypt@0.8.7
362 silly linkStuff bcrypt@0.8.7 has C:\Users\nate\Documents\GitHub\digits\app\node_modules as its parent node_modules
363 verbose linkBins bcrypt@0.8.7
364 verbose linkMans bcrypt@0.8.7
365 silly doSerial global-link 0
366 silly doParallel update-linked 0
367 silly doSerial install 3
368 silly install bindings@1.2.1 C:\Users\nate\Documents\GitHub\digits\app\node_modules\.staging\bindings-41898fa2
369 info lifecycle bindings@1.2.1~install: bindings@1.2.1
370 silly lifecycle bindings@1.2.1~install: no script for install, continuing
371 silly install nan@2.3.5 C:\Users\nate\Documents\GitHub\digits\app\node_modules\.staging\nan-e7854403
372 info lifecycle nan@2.3.5~install: nan@2.3.5
373 silly lifecycle nan@2.3.5~install: no script for install, continuing
374 silly install bcrypt@0.8.7 C:\Users\nate\Documents\GitHub\digits\app\node_modules\.staging\bcrypt-016dcc01
375 info lifecycle bcrypt@0.8.7~install: bcrypt@0.8.7
376 verbose lifecycle bcrypt@0.8.7~install: unsafe-perm in lifecycle true
377 verbose lifecycle bcrypt@0.8.7~install: PATH: C:\Users\nate\AppData\Local\.meteor\packages\meteor-tool\1.4.1_1\mt-os.windows.x86_32\dev_bundle\lib\node_modules\npm\bin\node-gyp-bin;C:\Users\nate\Documents\GitHub\digits\app\node_modules\bcrypt\node_modules\.bin;C:\Users\nate\Documents\GitHub\digits\app\node_modules\.bin;C:\Users\nate\AppData\Local\.meteor\packages\meteor-tool\1.4.1_1\mt-os.windows.x86_32\dev_bundle\bin;C:\Users\nate\AppData\Local\.meteor\packages\meteor-tool\1.4.1_1\mt-os.windows.x86_32\dev_bundle\lib\node_modules\.bin;C:\oraclexe\app\oracle\product\11.2.0\server\bin;;C:\ProgramData\Oracle\Java\javapath;C:\Program Files (x86)\Intel\iCLS Client\;C:\Program Files\Intel\iCLS Client\;C:\WINDOWS\system32;C:\WINDOWS;C:\WINDOWS\System32\Wbem;C:\WINDOWS\System32\WindowsPowerShell\v1.0\;C:\Program Files (x86)\Intel\Intel(R) Management Engine Components\DAL;C:\Program Files\Intel\Intel(R) Management Engine Components\DAL;C:\Program Files (x86)\Intel\Intel(R) Management Engine Components\IPT;C:\Program Files\Intel\Intel(R) Management Engine Components\IPT;C:\Program Files (x86)\GtkSharp\2.12\bin;C:\Program Files\nodejs\;C:\Program Files\Intel\WiFi\bin\;C:\Program Files\Common Files\Intel\WirelessCommon\;C:\Users\nate\AppData\Local\Microsoft\WindowsApps;C:\Users\nate\AppData\Local\.meteor\
378 verbose lifecycle bcrypt@0.8.7~install: CWD: C:\Users\nate\Documents\GitHub\digits\app\node_modules\bcrypt
379 silly lifecycle bcrypt@0.8.7~install: Args: [ '/d /s /c', 'node-gyp rebuild' ]
380 silly lifecycle bcrypt@0.8.7~install: Returned: code: 1  signal: null
381 info lifecycle bcrypt@0.8.7~install: Failed to exec install script
382 verbose unlock done using C:\Users\nate\AppData\Roaming\npm-cache\_locks\staging-04eabc3c35da919d.lock for C:\Users\nate\Documents\GitHub\digits\app\node_modules\.staging
383 silly rollbackFailedOptional Starting
384 silly rollbackFailedOptional Finishing
385 silly runTopLevelLifecycles Starting
386 silly runTopLevelLifecycles Finishing
387 silly install printInstalled
388 verbose stack Error: bcrypt@0.8.7 install: `node-gyp rebuild`
388 verbose stack Exit status 1
388 verbose stack     at EventEmitter.<anonymous> (C:\Users\nate\AppData\Local\.meteor\packages\meteor-tool\1.4.1_1\mt-os.windows.x86_32\dev_bundle\lib\node_modules\npm\lib\utils\lifecycle.js:255:16)
388 verbose stack     at emitTwo (events.js:87:13)
388 verbose stack     at EventEmitter.emit (events.js:172:7)
388 verbose stack     at ChildProcess.<anonymous> (C:\Users\nate\AppData\Local\.meteor\packages\meteor-tool\1.4.1_1\mt-os.windows.x86_32\dev_bundle\lib\node_modules\npm\lib\utils\spawn.js:40:14)
388 verbose stack     at emitTwo (events.js:87:13)
388 verbose stack     at ChildProcess.emit (events.js:172:7)
388 verbose stack     at maybeClose (internal/child_process.js:829:16)
388 verbose stack     at Process.ChildProcess._handle.onexit (internal/child_process.js:211:5)
389 verbose pkgid bcrypt@0.8.7
390 verbose cwd C:\Users\nate\Documents\GitHub\digits\app
391 error Windows_NT 10.0.14393
392 error argv "C:\\Users\\nate\\AppData\\Local\\.meteor\\packages\\meteor-tool\\1.4.1_1\\mt-os.windows.x86_32\\dev_bundle\\bin\\node.exe" "C:\\Users\\nate\\AppData\\Local\\.meteor\\packages\\meteor-tool\\1.4.1_1\\mt-os.windows.x86_32\\dev_bundle\\lib\\node_modules\\npm\\bin\\npm-cli.js" "install" "--save" "bcrypt"
393 error node v4.5.0
394 error npm  v3.10.6
395 error code ELIFECYCLE
396 error bcrypt@0.8.7 install: `node-gyp rebuild`
396 error Exit status 1
397 error Failed at the bcrypt@0.8.7 install script 'node-gyp rebuild'.
397 error Make sure you have the latest version of node.js and npm installed.
397 error If you do, this is most likely a problem with the bcrypt package,
397 error not with npm itself.
397 error Tell the author that this fails on your system:
397 error     node-gyp rebuild
397 error You can get information on how to open an issue for this project with:
397 error     npm bugs bcrypt
397 error Or if that isn't available, you can get their info via:
397 error     npm owner ls bcrypt
397 error There is likely additional logging output above.
398 verbose exit [ 1, true ]
